Using pre-set license
Built from '2020.2/release' branch; Version is '2020.2.2f1 (068178b99f32) revision 426360'; Using compiler version '192528614'; Build Type 'Release'
OS: 'Windows 10 Enterprise; OS build 18363.1440; Version 1909; 64bit' Language: 'en' Physical Memory: 16304 MB
BatchMode: 1, IsHumanControllingUs: 0, StartBugReporterOnCrash: 0, Is64bit: 1, IsPro: 0

 COMMAND LINE ARGUMENTS:
C:\Program Files\Unity\Hub\Editor\2020.2.2f1\Editor\Unity.exe
-adb2
-batchMode
-noUpm
-name
AssetImportWorker0
-projectPath
C:/Users/guy.twemlow/Documents/GitHub/SortingAlgorithm
-logFile
Logs/AssetImportWorker0.log
-srvPort
53351
Successfully changed project path to: C:/Users/guy.twemlow/Documents/GitHub/SortingAlgorithm
C:/Users/guy.twemlow/Documents/GitHub/SortingAlgorithm
Using Asset Import Pipeline V2.
Refreshing native plugins compatible for Editor in 22.82 ms, found 0 plugins.
Preloading 0 native plugins for Editor in 0.00 ms.
Initialize engine version: 2020.2.2f1 (068178b99f32)
[Subsystems] Discovering subsystems at path C:/Program Files/Unity/Hub/Editor/2020.2.2f1/Editor/Data/Resources/UnitySubsystems
[Subsystems] Discovering subsystems at path C:/Users/guy.twemlow/Documents/GitHub/SortingAlgorithm/Assets
GfxDevice: creating device client; threaded=0
Direct3D:
    Version:  Direct3D 11.0 [level 11.0]
    Renderer: NVIDIA Quadro K2200  (ID=0x13ba)
    Vendor:   
    VRAM:     4035 MB
    Driver:   10.18.13.5362
Initialize mono
Mono path[0] = 'C:/Program Files/Unity/Hub/Editor/2020.2.2f1/Editor/Data/Managed'
Mono path[1] = 'C:/Program Files/Unity/Hub/Editor/2020.2.2f1/Editor/Data/MonoBleedingEdge/lib/mono/unityjit'
Mono config path = 'C:/Program Files/Unity/Hub/Editor/2020.2.2f1/Editor/Data/MonoBleedingEdge/etc'
Using monoOptions --debugger-agent=transport=dt_socket,embedding=1,server=y,suspend=n,address=127.0.0.1:56444
Begin MonoManager ReloadAssembly
Registering precompiled unity dll's ...
Register platform support module: C:/Program Files/Unity/Hub/Editor/2020.2.2f1/Editor/Data/PlaybackEngines/WindowsStandaloneSupport/UnityEditor.WindowsStandalone.Extensions.dll
Registered in 0.001994 seconds.
Native extension for WindowsStandalone target not found
Refreshing native plugins compatible for Editor in 23.34 ms, found 0 plugins.
Preloading 0 native plugins for Editor in 0.00 ms.
Invoked RoslynAnalysisRunner static constructor.
RoslynAnalysisRunner will not be running.
RoslynAnalysisRunner has terminated.
Mono: successfully reloaded assembly
- Completed reload, in  2.294 seconds
Platform modules already initialized, skipping
Registering precompiled user dll's ...
Registered in 0.000704 seconds.
Begin MonoManager ReloadAssembly
Native extension for WindowsStandalone target not found
Refreshing native plugins compatible for Editor in 0.19 ms, found 0 plugins.
Preloading 0 native plugins for Editor in 0.00 ms.
Invoked RoslynAnalysisRunner static constructor.
RoslynAnalysisRunner will not be running.
RoslynAnalysisRunner has terminated.
Mono: successfully reloaded assembly
- Completed reload, in  0.878 seconds
Platform modules already initialized, skipping
========================================================================
Worker process is ready to serve import requests
Launched and connected shader compiler UnityShaderCompiler.exe after 0.05 seconds
Refreshing native plugins compatible for Editor in 0.21 ms, found 0 plugins.
Preloading 0 native plugins for Editor in 0.00 ms.
Unloading 1099 Unused Serialized files (Serialized files now loaded: 0)
System memory in use before: 56.5 MB.
System memory in use after: 56.6 MB.

Unloading 10 unused Assets to reduce memory usage. Loaded Objects now: 1540.
Total: 2.074600 ms (FindLiveObjects: 0.200200 ms CreateObjectMapping: 0.092200 ms MarkObjects: 1.662200 ms  DeleteObjects: 0.118900 ms)

========================================================================
Received Import Request.
  path: Assets
  artifactKey: Guid(00000000000000001000000000000000) Importer(815301076,1909f56bfc062723c751e8b465ee728b)
Start importing Assets using Guid(00000000000000001000000000000000) Importer(815301076,1909f56bfc062723c751e8b465ee728b)  -> (artifact id: '4a6e520b92ccfc61bcfa21a7bcab8468') in 0.007857 seconds
  Import took 0.009665 seconds .

========================================================================
Received Import Request.
  Time since last request: 0.442109 seconds.
  path: Assets/NewBehaviourScript.cs
  artifactKey: Guid(ac50f25b059f1c2428f055576e7f2d3a) Importer(815301076,1909f56bfc062723c751e8b465ee728b)
Start importing Assets/NewBehaviourScript.cs using Guid(ac50f25b059f1c2428f055576e7f2d3a) Importer(815301076,1909f56bfc062723c751e8b465ee728b)  -> (artifact id: '2484c831121f9294944b9d287d8aa6f4') in 0.030040 seconds
  Import took 0.032174 seconds .

========================================================================
Received Prepare
Registering precompiled user dll's ...
Registered in 0.000612 seconds.
Begin MonoManager ReloadAssembly
Native extension for WindowsStandalone target not found
Refreshing native plugins compatible for Editor in 0.21 ms, found 0 plugins.
Preloading 0 native plugins for Editor in 0.00 ms.
Invoked RoslynAnalysisRunner static constructor.
RoslynAnalysisRunner will not be running.
RoslynAnalysisRunner has terminated.
Mono: successfully reloaded assembly
- Completed reload, in  0.752 seconds
Platform modules already initialized, skipping
Refreshing native plugins compatible for Editor in 0.20 ms, found 0 plugins.
Preloading 0 native plugins for Editor in 0.00 ms.
Unloading 1095 Unused Serialized files (Serialized files now loaded: 0)
System memory in use before: 56.6 MB.
System memory in use after: 56.6 MB.

Unloading 5 unused Assets to reduce memory usage. Loaded Objects now: 1543.
Total: 1.628200 ms (FindLiveObjects: 0.123100 ms CreateObjectMapping: 0.038100 ms MarkObjects: 1.380800 ms  DeleteObjects: 0.085200 ms)

========================================================================
Received Prepare
Registering precompiled user dll's ...
Registered in 0.000637 seconds.
Begin MonoManager ReloadAssembly
Native extension for WindowsStandalone target not found
Refreshing native plugins compatible for Editor in 0.18 ms, found 0 plugins.
Preloading 0 native plugins for Editor in 0.00 ms.
Invoked RoslynAnalysisRunner static constructor.
RoslynAnalysisRunner will not be running.
RoslynAnalysisRunner has terminated.
Mono: successfully reloaded assembly
- Completed reload, in  0.849 seconds
Platform modules already initialized, skipping
Refreshing native plugins compatible for Editor in 0.21 ms, found 0 plugins.
Preloading 0 native plugins for Editor in 0.00 ms.
Unloading 1094 Unused Serialized files (Serialized files now loaded: 0)
System memory in use before: 56.6 MB.
System memory in use after: 56.7 MB.

Unloading 6 unused Assets to reduce memory usage. Loaded Objects now: 1544.
Total: 1.404000 ms (FindLiveObjects: 0.123000 ms CreateObjectMapping: 0.032400 ms MarkObjects: 1.192000 ms  DeleteObjects: 0.055800 ms)

========================================================================
Received Import Request.
  Time since last request: 12.105922 seconds.
  path: Assets/Scripts
  artifactKey: Guid(6c7016b31e6df5040a29bacabb133e40) Importer(815301076,1909f56bfc062723c751e8b465ee728b)
Start importing Assets/Scripts using Guid(6c7016b31e6df5040a29bacabb133e40) Importer(815301076,1909f56bfc062723c751e8b465ee728b)  -> (artifact id: 'ed54501a7afdba49ad507aef30d457b8') in 0.008362 seconds
  Import took 0.010133 seconds .

========================================================================
Received Prepare
Registering precompiled user dll's ...
Registered in 0.000551 seconds.
Begin MonoManager ReloadAssembly
Native extension for WindowsStandalone target not found
Refreshing native plugins compatible for Editor in 0.18 ms, found 0 plugins.
Preloading 0 native plugins for Editor in 0.00 ms.
Invoked RoslynAnalysisRunner static constructor.
RoslynAnalysisRunner will not be running.
RoslynAnalysisRunner has terminated.
Mono: successfully reloaded assembly
- Completed reload, in  0.773 seconds
Platform modules already initialized, skipping
Refreshing native plugins compatible for Editor in 0.19 ms, found 0 plugins.
Preloading 0 native plugins for Editor in 0.00 ms.
Unloading 1097 Unused Serialized files (Serialized files now loaded: 0)
System memory in use before: 56.8 MB.
System memory in use after: 56.8 MB.

Unloading 5 unused Assets to reduce memory usage. Loaded Objects now: 1549.
Total: 1.623500 ms (FindLiveObjects: 0.135700 ms CreateObjectMapping: 0.040700 ms MarkObjects: 1.366200 ms  DeleteObjects: 0.080100 ms)

========================================================================
Received Import Request.
  Time since last request: 12.182759 seconds.
  path: Assets/Scripts/ListSortExtensions.cs
  artifactKey: Guid(78386ed11d3c09643b3a09c2506582f3) Importer(815301076,1909f56bfc062723c751e8b465ee728b)
Start importing Assets/Scripts/ListSortExtensions.cs using Guid(78386ed11d3c09643b3a09c2506582f3) Importer(815301076,1909f56bfc062723c751e8b465ee728b)  -> (artifact id: 'e3ebc4af028a055d258a29852c276b20') in 0.008178 seconds
  Import took 0.009919 seconds .

========================================================================
Received Import Request.
  Time since last request: 6.776875 seconds.
  path: Assets/Scripts/Temperature.cs
  artifactKey: Guid(28b63100864f1a24b8fe0a9c9132c922) Importer(815301076,1909f56bfc062723c751e8b465ee728b)
Start importing Assets/Scripts/Temperature.cs using Guid(28b63100864f1a24b8fe0a9c9132c922) Importer(815301076,1909f56bfc062723c751e8b465ee728b)  -> (artifact id: '41e1dce6fef7c0acc452903a5ab969c3') in 0.026144 seconds
  Import took 0.830969 seconds .

========================================================================
Received Import Request.
  Time since last request: 0.872281 seconds.
  path: Assets/Scripts/TemperatureSorting.cs
  artifactKey: Guid(08d1da38f1e86944fb6cf46dfe4c65b9) Importer(815301076,1909f56bfc062723c751e8b465ee728b)
Start importing Assets/Scripts/TemperatureSorting.cs using Guid(08d1da38f1e86944fb6cf46dfe4c65b9) Importer(815301076,1909f56bfc062723c751e8b465ee728b)  -> (artifact id: 'e339033c8b468ad7d8de854070419fac') in 0.012814 seconds
  Import took 0.016052 seconds .

========================================================================
Received Prepare
Registering precompiled user dll's ...
Registered in 0.000646 seconds.
Begin MonoManager ReloadAssembly
Native extension for WindowsStandalone target not found
Refreshing native plugins compatible for Editor in 0.25 ms, found 0 plugins.
Preloading 0 native plugins for Editor in 0.00 ms.
Invoked RoslynAnalysisRunner static constructor.
RoslynAnalysisRunner will not be running.
RoslynAnalysisRunner has terminated.
Mono: successfully reloaded assembly
- Completed reload, in  0.937 seconds
Platform modules already initialized, skipping
Refreshing native plugins compatible for Editor in 0.18 ms, found 0 plugins.
Preloading 0 native plugins for Editor in 0.00 ms.
Unloading 1097 Unused Serialized files (Serialized files now loaded: 0)
System memory in use before: 56.9 MB.
System memory in use after: 56.9 MB.

Unloading 5 unused Assets to reduce memory usage. Loaded Objects now: 1551.
Total: 1.736800 ms (FindLiveObjects: 0.174200 ms CreateObjectMapping: 0.042300 ms MarkObjects: 1.443200 ms  DeleteObjects: 0.076000 ms)

AssetImportWorkerClient::OnTransportError - code=2 error=End of file
